<?xml version="1.0" encoding="UTF-8"?>
<!-- Generated by org.testng.reporters.JUnitReportReporter -->
<testsuite hostname="DESKTOP-H0L15R2" failures="0" tests="2" name="testCases.Test_A" time="15.574" errors="1" timestamp="2020-07-18T14:08:39 CDT" skipped="1">
  <testcase classname="testCases.Test_A" name="webDriverInstantiation" time="15.574">
    <error message="session not created
from chrome not reachable
  (Session info: chrome=84.0.4147.89)
Build info: version: &#039;3.141.59&#039;, revision: &#039;e82be7d358&#039;, time: &#039;2018-11-14T08:17:03&#039;
System info: host: &#039;DESKTOP-H0L15R2&#039;, ip: &#039;192.168.254.25&#039;, os.name: &#039;Windows 10&#039;, os.arch: &#039;amd64&#039;, os.version: &#039;10.0&#039;, java.version: &#039;14.0.2&#039;
Driver info: driver.version: ChromeDriver
remote stacktrace: Backtrace:
	Ordinal0 [0x00A387E3+2852835]
	Ordinal0 [0x00925BB1+1727409]
	Ordinal0 [0x007FE362+516962]
	Ordinal0 [0x007F7D82+490882]
	Ordinal0 [0x007F846B+492651]
	Ordinal0 [0x007F93C5+496581]
	Ordinal0 [0x007F4D64+478564]
	Ordinal0 [0x007FF300+520960]
	Ordinal0 [0x007AE489+189577]
	Ordinal0 [0x007AD7FD+186365]
	Ordinal0 [0x007AB70B+177931]
	Ordinal0 [0x00792584+75140]
	Ordinal0 [0x00793650+79440]
	Ordinal0 [0x007935E9+79337]
	Ordinal0 [0x0093AD5C+1813852]
	GetHandleVerifier [0x00B5C616+1075574]
	GetHandleVerifier [0x00B5C367+1074887]
	GetHandleVerifier [0x00B67497+1120247]
	GetHandleVerifier [0x00B5CC16+1077110]
	Ordinal0 [0x00933206+1782278]
	Ordinal0 [0x0093C3BB+1819579]
	Ordinal0 [0x0093C523+1819939]
	Ordinal0 [0x00952B45+1911621]
	BaseThreadInitThunk [0x779D6359+25]
	RtlGetAppContainerNamedObjectPath [0x77BC7C24+228]
	RtlGetAppContainerNamedObjectPath [0x77BC7BF4+180]
" type="org.openqa.selenium.SessionNotCreatedException">
      <![CDATA[org.openqa.selenium.SessionNotCreatedException: session not created
from chrome not reachable
  (Session info: chrome=84.0.4147.89)
Build info: version: '3.141.59', revision: 'e82be7d358', time: '2018-11-14T08:17:03'
System info: host: 'DESKTOP-H0L15R2', ip: '192.168.254.25', os.name: 'Windows 10', os.arch: 'amd64', os.version: '10.0', java.version: '14.0.2'
Driver info: driver.version: ChromeDriver
remote stacktrace: Backtrace:
Ordinal0 [0x00A387E3+2852835]
Ordinal0 [0x00925BB1+1727409]
Ordinal0 [0x007FE362+516962]
Ordinal0 [0x007F7D82+490882]
Ordinal0 [0x007F846B+492651]
Ordinal0 [0x007F93C5+496581]
Ordinal0 [0x007F4D64+478564]
Ordinal0 [0x007FF300+520960]
Ordinal0 [0x007AE489+189577]
Ordinal0 [0x007AD7FD+186365]
Ordinal0 [0x007AB70B+177931]
Ordinal0 [0x00792584+75140]
Ordinal0 [0x00793650+79440]
Ordinal0 [0x007935E9+79337]
Ordinal0 [0x0093AD5C+1813852]
GetHandleVerifier [0x00B5C616+1075574]
GetHandleVerifier [0x00B5C367+1074887]
GetHandleVerifier [0x00B67497+1120247]
GetHandleVerifier [0x00B5CC16+1077110]
Ordinal0 [0x00933206+1782278]
Ordinal0 [0x0093C3BB+1819579]
Ordinal0 [0x0093C523+1819939]
Ordinal0 [0x00952B45+1911621]
BaseThreadInitThunk [0x779D6359+25]
RtlGetAppContainerNamedObjectPath [0x77BC7C24+228]
RtlGetAppContainerNamedObjectPath [0x77BC7BF4+180]

at java.base/jdk.internal.reflect.NativeConstructorAccessorImpl.newInstance0(Native Method)
at java.base/jdk.internal.reflect.NativeConstructorAccessorImpl.newInstance(NativeConstructorAccessorImpl.java:62)
at java.base/jdk.internal.reflect.DelegatingConstructorAccessorImpl.newInstance(DelegatingConstructorAccessorImpl.java:45)
at java.base/java.lang.reflect.Constructor.newInstanceWithCaller(Constructor.java:500)
at java.base/java.lang.reflect.Constructor.newInstance(Constructor.java:481)
at org.openqa.selenium.remote.W3CHandshakeResponse.lambda$errorHandler$0(W3CHandshakeResponse.java:62)
at org.openqa.selenium.remote.HandshakeResponse.lambda$getResponseFunction$0(HandshakeResponse.java:30)
at org.openqa.selenium.remote.ProtocolHandshake.lambda$createSession$0(ProtocolHandshake.java:126)
at java.base/java.util.stream.ReferencePipeline$3$1.accept(ReferencePipeline.java:195)
at java.base/java.util.Spliterators$ArraySpliterator.tryAdvance(Spliterators.java:958)
at java.base/java.util.stream.ReferencePipeline.forEachWithCancel(ReferencePipeline.java:127)
at java.base/java.util.stream.AbstractPipeline.copyIntoWithCancel(AbstractPipeline.java:502)
at java.base/java.util.stream.AbstractPipeline.copyInto(AbstractPipeline.java:488)
at java.base/java.util.stream.AbstractPipeline.wrapAndCopyInto(AbstractPipeline.java:474)
at java.base/java.util.stream.FindOps$FindOp.evaluateSequential(FindOps.java:150)
at java.base/java.util.stream.AbstractPipeline.evaluate(AbstractPipeline.java:234)
at java.base/java.util.stream.ReferencePipeline.findFirst(ReferencePipeline.java:543)
at org.openqa.selenium.remote.ProtocolHandshake.createSession(ProtocolHandshake.java:128)
at org.openqa.selenium.remote.ProtocolHandshake.createSession(ProtocolHandshake.java:74)
at org.openqa.selenium.remote.HttpCommandExecutor.execute(HttpCommandExecutor.java:136)
at org.openqa.selenium.remote.service.DriverCommandExecutor.execute(DriverCommandExecutor.java:83)
at org.openqa.selenium.remote.RemoteWebDriver.execute(RemoteWebDriver.java:552)
at org.openqa.selenium.remote.RemoteWebDriver.startSession(RemoteWebDriver.java:213)
at org.openqa.selenium.remote.RemoteWebDriver.<init>(RemoteWebDriver.java:131)
at org.openqa.selenium.chrome.ChromeDriver.<init>(ChromeDriver.java:181)
at org.openqa.selenium.chrome.ChromeDriver.<init>(ChromeDriver.java:168)
at org.openqa.selenium.chrome.ChromeDriver.<init>(ChromeDriver.java:123)
at base.BaseClass.webDriverInstantiation(BaseClass.java:44)
at java.base/jdk.internal.reflect.NativeMethodAccessorImpl.invoke0(Native Method)
at java.base/jdk.internal.reflect.NativeMethodAccessorImpl.invoke(NativeMethodAccessorImpl.java:62)
at java.base/jdk.internal.reflect.DelegatingMethodAccessorImpl.invoke(DelegatingMethodAccessorImpl.java:43)
at java.base/java.lang.reflect.Method.invoke(Method.java:564)
at org.testng.internal.MethodInvocationHelper.invokeMethod(MethodInvocationHelper.java:135)
at org.testng.internal.MethodInvocationHelper.invokeMethodConsideringTimeout(MethodInvocationHelper.java:64)
at org.testng.internal.ConfigInvoker.invokeConfigurationMethod(ConfigInvoker.java:364)
at org.testng.internal.ConfigInvoker.invokeConfigurations(ConfigInvoker.java:318)
at org.testng.SuiteRunner.privateRun(SuiteRunner.java:327)
at org.testng.SuiteRunner.run(SuiteRunner.java:286)
at org.testng.SuiteRunnerWorker.runSuite(SuiteRunnerWorker.java:53)
at org.testng.SuiteRunnerWorker.run(SuiteRunnerWorker.java:96)
at org.testng.TestNG.runSuitesSequentially(TestNG.java:1214)
at org.testng.TestNG.runSuitesLocally(TestNG.java:1136)
at org.testng.TestNG.runSuites(TestNG.java:1066)
at org.testng.TestNG.run(TestNG.java:1034)
at org.testng.remote.AbstractRemoteTestNG.run(AbstractRemoteTestNG.java:115)
at org.testng.remote.RemoteTestNG.initAndRun(RemoteTestNG.java:251)
at org.testng.remote.RemoteTestNG.main(RemoteTestNG.java:77)
]]>
    </error>
  </testcase> <!-- webDriverInstantiation -->
  <system-out/>
  <testcase classname="testCases.Test_A" name="verifyTest_City_IsDisplayed" time="0.000">
    <skipped/>
  </testcase> <!-- verifyTest_City_IsDisplayed -->
  <system-out/>
</testsuite> <!-- testCases.Test_A -->
